<?xml version="1.0" encoding="UTF-8"?>
<testng-results skipped="7" failed="0" ignored="0" total="7" passed="0">
  <reporter-output>
  </reporter-output>
  <suite name="Default suite" duration-ms="504" started-at="2020-10-04T04:42:18Z" finished-at="2020-10-04T04:42:19Z">
    <groups>
    </groups>
    <test name="Default test" duration-ms="504" started-at="2020-10-04T04:42:18Z" finished-at="2020-10-04T04:42:19Z">
      <class name="com.amazon.qa.tests.HomepageTest">
        <test-method status="FAIL" signature="homePage_SetupMethod()[pri:0, instance:com.amazon.qa.tests.HomepageTest@70be0a2b]" name="homePage_SetupMethod" is-config="true" duration-ms="0" started-at="2020-10-04T10:12:18Z" finished-at="2020-10-04T10:12:18Z">
          <exception class="java.lang.NullPointerException">
            <full-stacktrace>
              <![CDATA[java.lang.NullPointerException
	at com.amazon.qa.base.TestBase.initialization(TestBase.java:62)
	at com.amazon.qa.tests.HomepageTest.homePage_SetupMethod(HomepageTest.java:45)
	at sun.reflect.NativeMethodAccessorImpl.invoke0(Native Method)
	at sun.reflect.NativeMethodAccessorImpl.invoke(Unknown Source)
	at sun.reflect.DelegatingMethodAccessorImpl.invoke(Unknown Source)
	at java.lang.reflect.Method.invoke(Unknown Source)
	at org.testng.internal.MethodInvocationHelper.invokeMethod(MethodInvocationHelper.java:104)
	at org.testng.internal.Invoker.invokeConfigurationMethod(Invoker.java:515)
	at org.testng.internal.Invoker.invokeConfigurations(Invoker.java:217)
	at org.testng.internal.Invoker.invokeMethod(Invoker.java:590)
	at org.testng.internal.Invoker.invokeTestMethod(Invoker.java:851)
	at org.testng.internal.Invoker.invokeTestMethods(Invoker.java:1177)
	at org.testng.internal.TestMethodWorker.invokeTestMethods(TestMethodWorker.java:129)
	at org.testng.internal.TestMethodWorker.run(TestMethodWorker.java:112)
	at org.testng.TestRunner.privateRun(TestRunner.java:756)
	at org.testng.TestRunner.run(TestRunner.java:610)
	at org.testng.SuiteRunner.runTest(SuiteRunner.java:387)
	at org.testng.SuiteRunner.runSequentially(SuiteRunner.java:382)
	at org.testng.SuiteRunner.privateRun(SuiteRunner.java:340)
	at org.testng.SuiteRunner.run(SuiteRunner.java:289)
	at org.testng.SuiteRunnerWorker.runSuite(SuiteRunnerWorker.java:52)
	at org.testng.SuiteRunnerWorker.run(SuiteRunnerWorker.java:86)
	at org.testng.TestNG.runSuitesSequentially(TestNG.java:1293)
	at org.testng.TestNG.runSuitesLocally(TestNG.java:1218)
	at org.testng.TestNG.runSuites(TestNG.java:1133)
	at org.testng.TestNG.run(TestNG.java:1104)
	at org.testng.remote.AbstractRemoteTestNG.run(AbstractRemoteTestNG.java:132)
	at org.testng.remote.RemoteTestNG.initAndRun(RemoteTestNG.java:230)
	at org.testng.remote.RemoteTestNG.main(RemoteTestNG.java:76)
]]>
            </full-stacktrace>
          </exception> <!-- java.lang.NullPointerException -->
          <reporter-output>
          </reporter-output>
        </test-method> <!-- homePage_SetupMethod -->
        <test-method status="SKIP" signature="amazon_TitleAppearsOnPage()[pri:1, instance:com.amazon.qa.tests.HomepageTest@70be0a2b]" name="amazon_TitleAppearsOnPage" duration-ms="24" started-at="2020-10-04T10:12:19Z" finished-at="2020-10-04T10:12:19Z">
          <exception class="java.lang.NullPointerException">
            <full-stacktrace>
              <![CDATA[java.lang.NullPointerException
	at com.amazon.qa.base.TestBase.initialization(TestBase.java:62)
	at com.amazon.qa.tests.HomepageTest.homePage_SetupMethod(HomepageTest.java:45)
	at sun.reflect.NativeMethodAccessorImpl.invoke0(Native Method)
	at sun.reflect.NativeMethodAccessorImpl.invoke(Unknown Source)
	at sun.reflect.DelegatingMethodAccessorImpl.invoke(Unknown Source)
	at java.lang.reflect.Method.invoke(Unknown Source)
	at org.testng.internal.MethodInvocationHelper.invokeMethod(MethodInvocationHelper.java:104)
	at org.testng.internal.Invoker.invokeConfigurationMethod(Invoker.java:515)
	at org.testng.internal.Invoker.invokeConfigurations(Invoker.java:217)
	at org.testng.internal.Invoker.invokeMethod(Invoker.java:590)
	at org.testng.internal.Invoker.invokeTestMethod(Invoker.java:851)
	at org.testng.internal.Invoker.invokeTestMethods(Invoker.java:1177)
	at org.testng.internal.TestMethodWorker.invokeTestMethods(TestMethodWorker.java:129)
	at org.testng.internal.TestMethodWorker.run(TestMethodWorker.java:112)
	at org.testng.TestRunner.privateRun(TestRunner.java:756)
	at org.testng.TestRunner.run(TestRunner.java:610)
	at org.testng.SuiteRunner.runTest(SuiteRunner.java:387)
	at org.testng.SuiteRunner.runSequentially(SuiteRunner.java:382)
	at org.testng.SuiteRunner.privateRun(SuiteRunner.java:340)
	at org.testng.SuiteRunner.run(SuiteRunner.java:289)
	at org.testng.SuiteRunnerWorker.runSuite(SuiteRunnerWorker.java:52)
	at org.testng.SuiteRunnerWorker.run(SuiteRunnerWorker.java:86)
	at org.testng.TestNG.runSuitesSequentially(TestNG.java:1293)
	at org.testng.TestNG.runSuitesLocally(TestNG.java:1218)
	at org.testng.TestNG.runSuites(TestNG.java:1133)
	at org.testng.TestNG.run(TestNG.java:1104)
	at org.testng.remote.AbstractRemoteTestNG.run(AbstractRemoteTestNG.java:132)
	at org.testng.remote.RemoteTestNG.initAndRun(RemoteTestNG.java:230)
	at org.testng.remote.RemoteTestNG.main(RemoteTestNG.java:76)
]]>
            </full-stacktrace>
          </exception> <!-- java.lang.NullPointerException -->
          <reporter-output>
          </reporter-output>
        </test-method> <!-- amazon_TitleAppearsOnPage -->
        <test-method status="SKIP" signature="TestCase_QuiteMethod()[pri:0, instance:com.amazon.qa.tests.HomepageTest@70be0a2b]" name="TestCase_QuiteMethod" is-config="true" duration-ms="0" started-at="2020-10-04T10:12:19Z" finished-at="2020-10-04T10:12:19Z">
          <reporter-output>
          </reporter-output>
        </test-method> <!-- TestCase_QuiteMethod -->
        <test-method status="SKIP" signature="homePage_SetupMethod()[pri:0, instance:com.amazon.qa.tests.HomepageTest@70be0a2b]" name="homePage_SetupMethod" is-config="true" duration-ms="0" started-at="2020-10-04T10:12:19Z" finished-at="2020-10-04T10:12:19Z">
          <reporter-output>
          </reporter-output>
        </test-method> <!-- homePage_SetupMethod -->
        <test-method status="SKIP" signature="searchForLaptopsAnd_VerifyResultsAreForLaptopsOnly()[pri:2, instance:com.amazon.qa.tests.HomepageTest@70be0a2b]" name="searchForLaptopsAnd_VerifyResultsAreForLaptopsOnly" duration-ms="11" started-at="2020-10-04T10:12:19Z" finished-at="2020-10-04T10:12:19Z">
          <exception class="java.lang.NullPointerException">
            <full-stacktrace>
              <![CDATA[java.lang.NullPointerException
	at com.amazon.qa.base.TestBase.initialization(TestBase.java:62)
	at com.amazon.qa.tests.HomepageTest.homePage_SetupMethod(HomepageTest.java:45)
	at sun.reflect.NativeMethodAccessorImpl.invoke0(Native Method)
	at sun.reflect.NativeMethodAccessorImpl.invoke(Unknown Source)
	at sun.reflect.DelegatingMethodAccessorImpl.invoke(Unknown Source)
	at java.lang.reflect.Method.invoke(Unknown Source)
	at org.testng.internal.MethodInvocationHelper.invokeMethod(MethodInvocationHelper.java:104)
	at org.testng.internal.Invoker.invokeConfigurationMethod(Invoker.java:515)
	at org.testng.internal.Invoker.invokeConfigurations(Invoker.java:217)
	at org.testng.internal.Invoker.invokeMethod(Invoker.java:590)
	at org.testng.internal.Invoker.invokeTestMethod(Invoker.java:851)
	at org.testng.internal.Invoker.invokeTestMethods(Invoker.java:1177)
	at org.testng.internal.TestMethodWorker.invokeTestMethods(TestMethodWorker.java:129)
	at org.testng.internal.TestMethodWorker.run(TestMethodWorker.java:112)
	at org.testng.TestRunner.privateRun(TestRunner.java:756)
	at org.testng.TestRunner.run(TestRunner.java:610)
	at org.testng.SuiteRunner.runTest(SuiteRunner.java:387)
	at org.testng.SuiteRunner.runSequentially(SuiteRunner.java:382)
	at org.testng.SuiteRunner.privateRun(SuiteRunner.java:340)
	at org.testng.SuiteRunner.run(SuiteRunner.java:289)
	at org.testng.SuiteRunnerWorker.runSuite(SuiteRunnerWorker.java:52)
	at org.testng.SuiteRunnerWorker.run(SuiteRunnerWorker.java:86)
	at org.testng.TestNG.runSuitesSequentially(TestNG.java:1293)
	at org.testng.TestNG.runSuitesLocally(TestNG.java:1218)
	at org.testng.TestNG.runSuites(TestNG.java:1133)
	at org.testng.TestNG.run(TestNG.java:1104)
	at org.testng.remote.AbstractRemoteTestNG.run(AbstractRemoteTestNG.java:132)
	at org.testng.remote.RemoteTestNG.initAndRun(RemoteTestNG.java:230)
	at org.testng.remote.RemoteTestNG.main(RemoteTestNG.java:76)
]]>
            </full-stacktrace>
          </exception> <!-- java.lang.NullPointerException -->
          <reporter-output>
          </reporter-output>
        </test-method> <!-- searchForLaptopsAnd_VerifyResultsAreForLaptopsOnly -->
        <test-method status="SKIP" signature="TestCase_QuiteMethod()[pri:0, instance:com.amazon.qa.tests.HomepageTest@70be0a2b]" name="TestCase_QuiteMethod" is-config="true" duration-ms="0" started-at="2020-10-04T10:12:19Z" finished-at="2020-10-04T10:12:19Z">
          <reporter-output>
          </reporter-output>
        </test-method> <!-- TestCase_QuiteMethod -->
        <test-method status="SKIP" signature="homePage_SetupMethod()[pri:0, instance:com.amazon.qa.tests.HomepageTest@70be0a2b]" name="homePage_SetupMethod" is-config="true" duration-ms="0" started-at="2020-10-04T10:12:19Z" finished-at="2020-10-04T10:12:19Z">
          <reporter-output>
          </reporter-output>
        </test-method> <!-- homePage_SetupMethod -->
        <test-method status="SKIP" signature="filterForHpLaptopsAnd_VerifyOnlyHPLaptopsAreVisibleOnFirstPage()[pri:3, instance:com.amazon.qa.tests.HomepageTest@70be0a2b]" name="filterForHpLaptopsAnd_VerifyOnlyHPLaptopsAreVisibleOnFirstPage" duration-ms="7" started-at="2020-10-04T10:12:19Z" finished-at="2020-10-04T10:12:19Z">
          <exception class="java.lang.NullPointerException">
            <full-stacktrace>
              <![CDATA[java.lang.NullPointerException
	at com.amazon.qa.base.TestBase.initialization(TestBase.java:62)
	at com.amazon.qa.tests.HomepageTest.homePage_SetupMethod(HomepageTest.java:45)
	at sun.reflect.NativeMethodAccessorImpl.invoke0(Native Method)
	at sun.reflect.NativeMethodAccessorImpl.invoke(Unknown Source)
	at sun.reflect.DelegatingMethodAccessorImpl.invoke(Unknown Source)
	at java.lang.reflect.Method.invoke(Unknown Source)
	at org.testng.internal.MethodInvocationHelper.invokeMethod(MethodInvocationHelper.java:104)
	at org.testng.internal.Invoker.invokeConfigurationMethod(Invoker.java:515)
	at org.testng.internal.Invoker.invokeConfigurations(Invoker.java:217)
	at org.testng.internal.Invoker.invokeMethod(Invoker.java:590)
	at org.testng.internal.Invoker.invokeTestMethod(Invoker.java:851)
	at org.testng.internal.Invoker.invokeTestMethods(Invoker.java:1177)
	at org.testng.internal.TestMethodWorker.invokeTestMethods(TestMethodWorker.java:129)
	at org.testng.internal.TestMethodWorker.run(TestMethodWorker.java:112)
	at org.testng.TestRunner.privateRun(TestRunner.java:756)
	at org.testng.TestRunner.run(TestRunner.java:610)
	at org.testng.SuiteRunner.runTest(SuiteRunner.java:387)
	at org.testng.SuiteRunner.runSequentially(SuiteRunner.java:382)
	at org.testng.SuiteRunner.privateRun(SuiteRunner.java:340)
	at org.testng.SuiteRunner.run(SuiteRunner.java:289)
	at org.testng.SuiteRunnerWorker.runSuite(SuiteRunnerWorker.java:52)
	at org.testng.SuiteRunnerWorker.run(SuiteRunnerWorker.java:86)
	at org.testng.TestNG.runSuitesSequentially(TestNG.java:1293)
	at org.testng.TestNG.runSuitesLocally(TestNG.java:1218)
	at org.testng.TestNG.runSuites(TestNG.java:1133)
	at org.testng.TestNG.run(TestNG.java:1104)
	at org.testng.remote.AbstractRemoteTestNG.run(AbstractRemoteTestNG.java:132)
	at org.testng.remote.RemoteTestNG.initAndRun(RemoteTestNG.java:230)
	at org.testng.remote.RemoteTestNG.main(RemoteTestNG.java:76)
]]>
            </full-stacktrace>
          </exception> <!-- java.lang.NullPointerException -->
          <reporter-output>
          </reporter-output>
        </test-method> <!-- filterForHpLaptopsAnd_VerifyOnlyHPLaptopsAreVisibleOnFirstPage -->
        <test-method status="SKIP" signature="TestCase_QuiteMethod()[pri:0, instance:com.amazon.qa.tests.HomepageTest@70be0a2b]" name="TestCase_QuiteMethod" is-config="true" duration-ms="0" started-at="2020-10-04T10:12:19Z" finished-at="2020-10-04T10:12:19Z">
          <reporter-output>
          </reporter-output>
        </test-method> <!-- TestCase_QuiteMethod -->
        <test-method status="SKIP" signature="homePage_SetupMethod()[pri:0, instance:com.amazon.qa.tests.HomepageTest@70be0a2b]" name="homePage_SetupMethod" is-config="true" duration-ms="0" started-at="2020-10-04T10:12:19Z" finished-at="2020-10-04T10:12:19Z">
          <reporter-output>
          </reporter-output>
        </test-method> <!-- homePage_SetupMethod -->
        <test-method status="SKIP" signature="selectPriceRangeAndVerifyRecordsVisibleOnPageAreNotOutOfPriceRange()[pri:4, instance:com.amazon.qa.tests.HomepageTest@70be0a2b]" name="selectPriceRangeAndVerifyRecordsVisibleOnPageAreNotOutOfPriceRange" duration-ms="6" started-at="2020-10-04T10:12:19Z" finished-at="2020-10-04T10:12:19Z">
          <exception class="java.lang.NullPointerException">
            <full-stacktrace>
              <![CDATA[java.lang.NullPointerException
	at com.amazon.qa.base.TestBase.initialization(TestBase.java:62)
	at com.amazon.qa.tests.HomepageTest.homePage_SetupMethod(HomepageTest.java:45)
	at sun.reflect.NativeMethodAccessorImpl.invoke0(Native Method)
	at sun.reflect.NativeMethodAccessorImpl.invoke(Unknown Source)
	at sun.reflect.DelegatingMethodAccessorImpl.invoke(Unknown Source)
	at java.lang.reflect.Method.invoke(Unknown Source)
	at org.testng.internal.MethodInvocationHelper.invokeMethod(MethodInvocationHelper.java:104)
	at org.testng.internal.Invoker.invokeConfigurationMethod(Invoker.java:515)
	at org.testng.internal.Invoker.invokeConfigurations(Invoker.java:217)
	at org.testng.internal.Invoker.invokeMethod(Invoker.java:590)
	at org.testng.internal.Invoker.invokeTestMethod(Invoker.java:851)
	at org.testng.internal.Invoker.invokeTestMethods(Invoker.java:1177)
	at org.testng.internal.TestMethodWorker.invokeTestMethods(TestMethodWorker.java:129)
	at org.testng.internal.TestMethodWorker.run(TestMethodWorker.java:112)
	at org.testng.TestRunner.privateRun(TestRunner.java:756)
	at org.testng.TestRunner.run(TestRunner.java:610)
	at org.testng.SuiteRunner.runTest(SuiteRunner.java:387)
	at org.testng.SuiteRunner.runSequentially(SuiteRunner.java:382)
	at org.testng.SuiteRunner.privateRun(SuiteRunner.java:340)
	at org.testng.SuiteRunner.run(SuiteRunner.java:289)
	at org.testng.SuiteRunnerWorker.runSuite(SuiteRunnerWorker.java:52)
	at org.testng.SuiteRunnerWorker.run(SuiteRunnerWorker.java:86)
	at org.testng.TestNG.runSuitesSequentially(TestNG.java:1293)
	at org.testng.TestNG.runSuitesLocally(TestNG.java:1218)
	at org.testng.TestNG.runSuites(TestNG.java:1133)
	at org.testng.TestNG.run(TestNG.java:1104)
	at org.testng.remote.AbstractRemoteTestNG.run(AbstractRemoteTestNG.java:132)
	at org.testng.remote.RemoteTestNG.initAndRun(RemoteTestNG.java:230)
	at org.testng.remote.RemoteTestNG.main(RemoteTestNG.java:76)
]]>
            </full-stacktrace>
          </exception> <!-- java.lang.NullPointerException -->
          <reporter-output>
          </reporter-output>
        </test-method> <!-- selectPriceRangeAndVerifyRecordsVisibleOnPageAreNotOutOfPriceRange -->
        <test-method status="SKIP" signature="TestCase_QuiteMethod()[pri:0, instance:com.amazon.qa.tests.HomepageTest@70be0a2b]" name="TestCase_QuiteMethod" is-config="true" duration-ms="0" started-at="2020-10-04T10:12:19Z" finished-at="2020-10-04T10:12:19Z">
          <reporter-output>
          </reporter-output>
        </test-method> <!-- TestCase_QuiteMethod -->
        <test-method status="SKIP" signature="homePage_SetupMethod()[pri:0, instance:com.amazon.qa.tests.HomepageTest@70be0a2b]" name="homePage_SetupMethod" is-config="true" duration-ms="0" started-at="2020-10-04T10:12:19Z" finished-at="2020-10-04T10:12:19Z">
          <reporter-output>
          </reporter-output>
        </test-method> <!-- homePage_SetupMethod -->
        <test-method status="SKIP" signature="selectCPUTypeFilterThenOpen_FirstRecordAndVerifySameModelNoIsOpened()[pri:5, instance:com.amazon.qa.tests.HomepageTest@70be0a2b]" name="selectCPUTypeFilterThenOpen_FirstRecordAndVerifySameModelNoIsOpened" duration-ms="6" started-at="2020-10-04T10:12:19Z" finished-at="2020-10-04T10:12:19Z">
          <exception class="java.lang.NullPointerException">
            <full-stacktrace>
              <![CDATA[java.lang.NullPointerException
	at com.amazon.qa.base.TestBase.initialization(TestBase.java:62)
	at com.amazon.qa.tests.HomepageTest.homePage_SetupMethod(HomepageTest.java:45)
	at sun.reflect.NativeMethodAccessorImpl.invoke0(Native Method)
	at sun.reflect.NativeMethodAccessorImpl.invoke(Unknown Source)
	at sun.reflect.DelegatingMethodAccessorImpl.invoke(Unknown Source)
	at java.lang.reflect.Method.invoke(Unknown Source)
	at org.testng.internal.MethodInvocationHelper.invokeMethod(MethodInvocationHelper.java:104)
	at org.testng.internal.Invoker.invokeConfigurationMethod(Invoker.java:515)
	at org.testng.internal.Invoker.invokeConfigurations(Invoker.java:217)
	at org.testng.internal.Invoker.invokeMethod(Invoker.java:590)
	at org.testng.internal.Invoker.invokeTestMethod(Invoker.java:851)
	at org.testng.internal.Invoker.invokeTestMethods(Invoker.java:1177)
	at org.testng.internal.TestMethodWorker.invokeTestMethods(TestMethodWorker.java:129)
	at org.testng.internal.TestMethodWorker.run(TestMethodWorker.java:112)
	at org.testng.TestRunner.privateRun(TestRunner.java:756)
	at org.testng.TestRunner.run(TestRunner.java:610)
	at org.testng.SuiteRunner.runTest(SuiteRunner.java:387)
	at org.testng.SuiteRunner.runSequentially(SuiteRunner.java:382)
	at org.testng.SuiteRunner.privateRun(SuiteRunner.java:340)
	at org.testng.SuiteRunner.run(SuiteRunner.java:289)
	at org.testng.SuiteRunnerWorker.runSuite(SuiteRunnerWorker.java:52)
	at org.testng.SuiteRunnerWorker.run(SuiteRunnerWorker.java:86)
	at org.testng.TestNG.runSuitesSequentially(TestNG.java:1293)
	at org.testng.TestNG.runSuitesLocally(TestNG.java:1218)
	at org.testng.TestNG.runSuites(TestNG.java:1133)
	at org.testng.TestNG.run(TestNG.java:1104)
	at org.testng.remote.AbstractRemoteTestNG.run(AbstractRemoteTestNG.java:132)
	at org.testng.remote.RemoteTestNG.initAndRun(RemoteTestNG.java:230)
	at org.testng.remote.RemoteTestNG.main(RemoteTestNG.java:76)
]]>
            </full-stacktrace>
          </exception> <!-- java.lang.NullPointerException -->
          <reporter-output>
          </reporter-output>
        </test-method> <!-- selectCPUTypeFilterThenOpen_FirstRecordAndVerifySameModelNoIsOpened -->
        <test-method status="SKIP" signature="TestCase_QuiteMethod()[pri:0, instance:com.amazon.qa.tests.HomepageTest@70be0a2b]" name="TestCase_QuiteMethod" is-config="true" duration-ms="0" started-at="2020-10-04T10:12:19Z" finished-at="2020-10-04T10:12:19Z">
          <reporter-output>
          </reporter-output>
        </test-method> <!-- TestCase_QuiteMethod -->
        <test-method status="SKIP" signature="homePage_SetupMethod()[pri:0, instance:com.amazon.qa.tests.HomepageTest@70be0a2b]" name="homePage_SetupMethod" is-config="true" duration-ms="0" started-at="2020-10-04T10:12:19Z" finished-at="2020-10-04T10:12:19Z">
          <reporter-output>
          </reporter-output>
        </test-method> <!-- homePage_SetupMethod -->
        <test-method status="SKIP" signature="geThePriceOfTheLaptopBeforeClickingOnItThenVerifyThatSamePriceIsAppearAfterOpeningIt()[pri:6, instance:com.amazon.qa.tests.HomepageTest@70be0a2b]" name="geThePriceOfTheLaptopBeforeClickingOnItThenVerifyThatSamePriceIsAppearAfterOpeningIt" duration-ms="4" started-at="2020-10-04T10:12:19Z" finished-at="2020-10-04T10:12:19Z">
          <exception class="java.lang.NullPointerException">
            <full-stacktrace>
              <![CDATA[java.lang.NullPointerException
	at com.amazon.qa.base.TestBase.initialization(TestBase.java:62)
	at com.amazon.qa.tests.HomepageTest.homePage_SetupMethod(HomepageTest.java:45)
	at sun.reflect.NativeMethodAccessorImpl.invoke0(Native Method)
	at sun.reflect.NativeMethodAccessorImpl.invoke(Unknown Source)
	at sun.reflect.DelegatingMethodAccessorImpl.invoke(Unknown Source)
	at java.lang.reflect.Method.invoke(Unknown Source)
	at org.testng.internal.MethodInvocationHelper.invokeMethod(MethodInvocationHelper.java:104)
	at org.testng.internal.Invoker.invokeConfigurationMethod(Invoker.java:515)
	at org.testng.internal.Invoker.invokeConfigurations(Invoker.java:217)
	at org.testng.internal.Invoker.invokeMethod(Invoker.java:590)
	at org.testng.internal.Invoker.invokeTestMethod(Invoker.java:851)
	at org.testng.internal.Invoker.invokeTestMethods(Invoker.java:1177)
	at org.testng.internal.TestMethodWorker.invokeTestMethods(TestMethodWorker.java:129)
	at org.testng.internal.TestMethodWorker.run(TestMethodWorker.java:112)
	at org.testng.TestRunner.privateRun(TestRunner.java:756)
	at org.testng.TestRunner.run(TestRunner.java:610)
	at org.testng.SuiteRunner.runTest(SuiteRunner.java:387)
	at org.testng.SuiteRunner.runSequentially(SuiteRunner.java:382)
	at org.testng.SuiteRunner.privateRun(SuiteRunner.java:340)
	at org.testng.SuiteRunner.run(SuiteRunner.java:289)
	at org.testng.SuiteRunnerWorker.runSuite(SuiteRunnerWorker.java:52)
	at org.testng.SuiteRunnerWorker.run(SuiteRunnerWorker.java:86)
	at org.testng.TestNG.runSuitesSequentially(TestNG.java:1293)
	at org.testng.TestNG.runSuitesLocally(TestNG.java:1218)
	at org.testng.TestNG.runSuites(TestNG.java:1133)
	at org.testng.TestNG.run(TestNG.java:1104)
	at org.testng.remote.AbstractRemoteTestNG.run(AbstractRemoteTestNG.java:132)
	at org.testng.remote.RemoteTestNG.initAndRun(RemoteTestNG.java:230)
	at org.testng.remote.RemoteTestNG.main(RemoteTestNG.java:76)
]]>
            </full-stacktrace>
          </exception> <!-- java.lang.NullPointerException -->
          <reporter-output>
          </reporter-output>
        </test-method> <!-- geThePriceOfTheLaptopBeforeClickingOnItThenVerifyThatSamePriceIsAppearAfterOpeningIt -->
        <test-method status="SKIP" signature="TestCase_QuiteMethod()[pri:0, instance:com.amazon.qa.tests.HomepageTest@70be0a2b]" name="TestCase_QuiteMethod" is-config="true" duration-ms="0" started-at="2020-10-04T10:12:19Z" finished-at="2020-10-04T10:12:19Z">
          <reporter-output>
          </reporter-output>
        </test-method> <!-- TestCase_QuiteMethod -->
        <test-method status="SKIP" signature="homePage_SetupMethod()[pri:0, instance:com.amazon.qa.tests.HomepageTest@70be0a2b]" name="homePage_SetupMethod" is-config="true" duration-ms="0" started-at="2020-10-04T10:12:19Z" finished-at="2020-10-04T10:12:19Z">
          <reporter-output>
          </reporter-output>
        </test-method> <!-- homePage_SetupMethod -->
        <test-method status="SKIP" signature="addProductToCartAndVerifyItsAdded()[pri:7, instance:com.amazon.qa.tests.HomepageTest@70be0a2b]" name="addProductToCartAndVerifyItsAdded" duration-ms="4" started-at="2020-10-04T10:12:19Z" finished-at="2020-10-04T10:12:19Z">
          <exception class="java.lang.NullPointerException">
            <full-stacktrace>
              <![CDATA[java.lang.NullPointerException
	at com.amazon.qa.base.TestBase.initialization(TestBase.java:62)
	at com.amazon.qa.tests.HomepageTest.homePage_SetupMethod(HomepageTest.java:45)
	at sun.reflect.NativeMethodAccessorImpl.invoke0(Native Method)
	at sun.reflect.NativeMethodAccessorImpl.invoke(Unknown Source)
	at sun.reflect.DelegatingMethodAccessorImpl.invoke(Unknown Source)
	at java.lang.reflect.Method.invoke(Unknown Source)
	at org.testng.internal.MethodInvocationHelper.invokeMethod(MethodInvocationHelper.java:104)
	at org.testng.internal.Invoker.invokeConfigurationMethod(Invoker.java:515)
	at org.testng.internal.Invoker.invokeConfigurations(Invoker.java:217)
	at org.testng.internal.Invoker.invokeMethod(Invoker.java:590)
	at org.testng.internal.Invoker.invokeTestMethod(Invoker.java:851)
	at org.testng.internal.Invoker.invokeTestMethods(Invoker.java:1177)
	at org.testng.internal.TestMethodWorker.invokeTestMethods(TestMethodWorker.java:129)
	at org.testng.internal.TestMethodWorker.run(TestMethodWorker.java:112)
	at org.testng.TestRunner.privateRun(TestRunner.java:756)
	at org.testng.TestRunner.run(TestRunner.java:610)
	at org.testng.SuiteRunner.runTest(SuiteRunner.java:387)
	at org.testng.SuiteRunner.runSequentially(SuiteRunner.java:382)
	at org.testng.SuiteRunner.privateRun(SuiteRunner.java:340)
	at org.testng.SuiteRunner.run(SuiteRunner.java:289)
	at org.testng.SuiteRunnerWorker.runSuite(SuiteRunnerWorker.java:52)
	at org.testng.SuiteRunnerWorker.run(SuiteRunnerWorker.java:86)
	at org.testng.TestNG.runSuitesSequentially(TestNG.java:1293)
	at org.testng.TestNG.runSuitesLocally(TestNG.java:1218)
	at org.testng.TestNG.runSuites(TestNG.java:1133)
	at org.testng.TestNG.run(TestNG.java:1104)
	at org.testng.remote.AbstractRemoteTestNG.run(AbstractRemoteTestNG.java:132)
	at org.testng.remote.RemoteTestNG.initAndRun(RemoteTestNG.java:230)
	at org.testng.remote.RemoteTestNG.main(RemoteTestNG.java:76)
]]>
            </full-stacktrace>
          </exception> <!-- java.lang.NullPointerException -->
          <reporter-output>
          </reporter-output>
        </test-method> <!-- addProductToCartAndVerifyItsAdded -->
        <test-method status="SKIP" signature="TestCase_QuiteMethod()[pri:0, instance:com.amazon.qa.tests.HomepageTest@70be0a2b]" name="TestCase_QuiteMethod" is-config="true" duration-ms="0" started-at="2020-10-04T10:12:19Z" finished-at="2020-10-04T10:12:19Z">
          <reporter-output>
          </reporter-output>
        </test-method> <!-- TestCase_QuiteMethod -->
      </class> <!-- com.amazon.qa.tests.HomepageTest -->
    </test> <!-- Default test -->
  </suite> <!-- Default suite -->
</testng-results>
