<?xml version="1.0" encoding="UTF-8"?>
<!-- Generated by org.testng.reporters.JUnitReportReporter -->
<testsuite name="com.amazon.qa.tests.HomepageTest" tests="8" time="0.062" ignored="0" failures="0" timestamp="04 Oct 2020 04:42:19 GMT" skipped="7" hostname="LAPTOP-VGI3336T" errors="1">
  <testcase name="amazon_TitleAppearsOnPage" time="0.024" classname="com.amazon.qa.tests.HomepageTest">
    <skipped/>
  </testcase> <!-- amazon_TitleAppearsOnPage -->
  <testcase name="searchForLaptopsAnd_VerifyResultsAreForLaptopsOnly" time="0.011" classname="com.amazon.qa.tests.HomepageTest">
    <skipped/>
  </testcase> <!-- searchForLaptopsAnd_VerifyResultsAreForLaptopsOnly -->
  <testcase name="homePage_SetupMethod" time="0.000" classname="com.amazon.qa.tests.HomepageTest">
    <error type="java.lang.NullPointerException">
      <![CDATA[java.lang.NullPointerException
	at com.amazon.qa.base.TestBase.initialization(TestBase.java:62)
	at com.amazon.qa.tests.HomepageTest.homePage_SetupMethod(HomepageTest.java:45)
	at sun.reflect.NativeMethodAccessorImpl.invoke0(Native Method)
	at sun.reflect.NativeMethodAccessorImpl.invoke(Unknown Source)
	at sun.reflect.DelegatingMethodAccessorImpl.invoke(Unknown Source)
	at java.lang.reflect.Method.invoke(Unknown Source)
	at org.testng.internal.MethodInvocationHelper.invokeMethod(MethodInvocationHelper.java:104)
	at org.testng.internal.Invoker.invokeConfigurationMethod(Invoker.java:515)
	at org.testng.internal.Invoker.invokeConfigurations(Invoker.java:217)
	at org.testng.internal.Invoker.invokeMethod(Invoker.java:590)
	at org.testng.internal.Invoker.invokeTestMethod(Invoker.java:851)
	at org.testng.internal.Invoker.invokeTestMethods(Invoker.java:1177)
	at org.testng.internal.TestMethodWorker.invokeTestMethods(TestMethodWorker.java:129)
	at org.testng.internal.TestMethodWorker.run(TestMethodWorker.java:112)
	at org.testng.TestRunner.privateRun(TestRunner.java:756)
	at org.testng.TestRunner.run(TestRunner.java:610)
	at org.testng.SuiteRunner.runTest(SuiteRunner.java:387)
	at org.testng.SuiteRunner.runSequentially(SuiteRunner.java:382)
	at org.testng.SuiteRunner.privateRun(SuiteRunner.java:340)
	at org.testng.SuiteRunner.run(SuiteRunner.java:289)
	at org.testng.SuiteRunnerWorker.runSuite(SuiteRunnerWorker.java:52)
	at org.testng.SuiteRunnerWorker.run(SuiteRunnerWorker.java:86)
	at org.testng.TestNG.runSuitesSequentially(TestNG.java:1293)
	at org.testng.TestNG.runSuitesLocally(TestNG.java:1218)
	at org.testng.TestNG.runSuites(TestNG.java:1133)
	at org.testng.TestNG.run(TestNG.java:1104)
	at org.testng.remote.AbstractRemoteTestNG.run(AbstractRemoteTestNG.java:132)
	at org.testng.remote.RemoteTestNG.initAndRun(RemoteTestNG.java:230)
	at org.testng.remote.RemoteTestNG.main(RemoteTestNG.java:76)
]]>
    </error>
  </testcase> <!-- homePage_SetupMethod -->
  <testcase name="filterForHpLaptopsAnd_VerifyOnlyHPLaptopsAreVisibleOnFirstPage" time="0.007" classname="com.amazon.qa.tests.HomepageTest">
    <skipped/>
  </testcase> <!-- filterForHpLaptopsAnd_VerifyOnlyHPLaptopsAreVisibleOnFirstPage -->
  <testcase name="geThePriceOfTheLaptopBeforeClickingOnItThenVerifyThatSamePriceIsAppearAfterOpeningIt" time="0.004" classname="com.amazon.qa.tests.HomepageTest">
    <skipped/>
  </testcase> <!-- geThePriceOfTheLaptopBeforeClickingOnItThenVerifyThatSamePriceIsAppearAfterOpeningIt -->
  <testcase name="selectCPUTypeFilterThenOpen_FirstRecordAndVerifySameModelNoIsOpened" time="0.006" classname="com.amazon.qa.tests.HomepageTest">
    <skipped/>
  </testcase> <!-- selectCPUTypeFilterThenOpen_FirstRecordAndVerifySameModelNoIsOpened -->
  <testcase name="addProductToCartAndVerifyItsAdded" time="0.004" classname="com.amazon.qa.tests.HomepageTest">
    <skipped/>
  </testcase> <!-- addProductToCartAndVerifyItsAdded -->
  <testcase name="selectPriceRangeAndVerifyRecordsVisibleOnPageAreNotOutOfPriceRange" time="0.006" classname="com.amazon.qa.tests.HomepageTest">
    <skipped/>
  </testcase> <!-- selectPriceRangeAndVerifyRecordsVisibleOnPageAreNotOutOfPriceRange -->
</testsuite> <!-- com.amazon.qa.tests.HomepageTest -->
